<?xml version="1.0" encoding="UTF-8"?>
<!-- Generated by org.testng.reporters.JUnitReportReporter -->
<testsuite hostname="LAPTOP-4H0O299B" failures="0" tests="1" name="com.flipcart.qa.testcases.LoginPageTest" time="0.000" errors="0" timestamp="24 Jun 2021 06:06:58 GMT" skipped="1">
  <testcase classname="com.flipcart.qa.testcases.LoginPageTest" name="loginTest" time="0.000">
    <skipped/>
  </testcase> <!-- loginTest -->
</testsuite> <!-- com.flipcart.qa.testcases.LoginPageTest -->
