<?xml version="1.0" encoding="UTF-8"?>
<!-- Generated by org.testng.reporters.JUnitReportReporter -->
<testsuite hostname="LAPTOP-4H0O299B" failures="0" tests="3" name="com.flipcart.qa.testcases.HomePageTest" time="0.000" errors="0" timestamp="24 Jun 2021 06:06:58 GMT" skipped="3">
  <testcase classname="com.flipcart.qa.testcases.HomePageTest" name="verifyPageTitleTest" time="0.000">
    <skipped/>
  </testcase> <!-- verifyPageTitleTest -->
  <testcase classname="com.flipcart.qa.testcases.HomePageTest" name="veifyUserNameTest" time="0.000">
    <skipped/>
  </testcase> <!-- veifyUserNameTest -->
  <testcase classname="com.flipcart.qa.testcases.HomePageTest" name="searchElement" time="0.000">
    <skipped/>
  </testcase> <!-- searchElement -->
</testsuite> <!-- com.flipcart.qa.testcases.HomePageTest -->
