<?xml version="1.0" encoding="UTF-8"?>
<!-- Generated by org.testng.reporters.JUnitReportReporter -->
<testsuite hostname="LAPTOP-4H0O299B" failures="0" tests="2" name="com.flipcart.qa.testcases.PaymentPageTest" time="67.991" errors="0" timestamp="30 Jun 2021 15:00:46 GMT" skipped="0">
  <testcase classname="com.flipcart.qa.testcases.PaymentPageTest" name="verifyPageIconTest" time="31.433"/>
  <testcase classname="com.flipcart.qa.testcases.PaymentPageTest" name="payment" time="36.558"/>
</testsuite> <!-- com.flipcart.qa.testcases.PaymentPageTest -->
