<?xml version="1.0" encoding="UTF-8"?>
<!-- Generated by org.testng.reporters.JUnitReportReporter -->
<testsuite hostname="LAPTOP-4H0O299B" failures="0" tests="4" name="com.flipcart.qa.testcases.ProductPageTest" time="0.000" errors="0" timestamp="24 Jun 2021 06:06:58 GMT" skipped="4">
  <testcase classname="com.flipcart.qa.testcases.ProductPageTest" name="veifyUserNameTest" time="0.000">
    <skipped/>
  </testcase> <!-- veifyUserNameTest -->
  <testcase classname="com.flipcart.qa.testcases.ProductPageTest" name="verifyProductNameTest" time="0.000">
    <skipped/>
  </testcase> <!-- verifyProductNameTest -->
  <testcase classname="com.flipcart.qa.testcases.ProductPageTest" name="verifyProductPrice" time="0.000">
    <skipped/>
  </testcase> <!-- verifyProductPrice -->
  <testcase classname="com.flipcart.qa.testcases.ProductPageTest" name="searchElement" time="0.000">
    <skipped/>
  </testcase> <!-- searchElement -->
</testsuite> <!-- com.flipcart.qa.testcases.ProductPageTest -->
