<?xml version="1.0" encoding="UTF-8"?>
<!-- Generated by org.testng.reporters.JUnitReportReporter -->
<testsuite hostname="LAPTOP-4H0O299B" failures="0" tests="3" name="com.flipcart.qa.testcases.HomePageTest" time="44.809" errors="0" timestamp="30 Jun 2021 15:00:46 GMT" skipped="0">
  <testcase classname="com.flipcart.qa.testcases.HomePageTest" name="verifyPageTitleTest" time="12.194"/>
  <testcase classname="com.flipcart.qa.testcases.HomePageTest" name="veifyUserNameTest" time="12.069"/>
  <testcase classname="com.flipcart.qa.testcases.HomePageTest" name="searchProductStep" time="20.546"/>
</testsuite> <!-- com.flipcart.qa.testcases.HomePageTest -->
